[20:25:11] [Server thread/INFO]: Starting minecraft server version 1.8
[20:25:11] [Server thread/INFO]: Loading properties
[20:25:11] [Server thread/INFO]: Default game type: SURVIVAL
[20:25:11] [Server thread/INFO]: This server is running CraftBukkit version git-Spigot-5ead057-1a84bac (MC: 1.8) (Implementing API version 1.8-R0.1-SNAPSHOT)
[20:25:11] [Server thread/INFO]: Debug logging is disabled
[20:25:11] [Server thread/INFO]: Server Ping Player Sample Count: 12
[20:25:11] [Server thread/INFO]: Using 4 threads for Netty based IO
[20:25:11] [Server thread/INFO]: Generating keypair
[20:25:11] [Server thread/INFO]: Starting Minecraft server on *:25565
[20:25:12] [Server thread/INFO]: Set PluginClassLoader as parallel capable
[20:25:12] [Server thread/INFO]: [Vault] Loading Vault v1.5.3-b37
[20:25:12] [Server thread/INFO]: [ProtocolLib] Loading ProtocolLib v3.6.3-SNAPSHOT-b131
[20:25:12] [Server thread/INFO]: [PermissionsEx] Loading PermissionsEx v1.23.2
[20:25:12] [Server thread/INFO]: [MCJailed] Loading MCJailed v1.0
[20:25:12] [Server thread/INFO]: [Essentials] Loading Essentials vTeamCity
[20:25:12] [Server thread/INFO]: [EssentialsChat] Loading EssentialsChat vTeamCity
[20:25:12] [Server thread/INFO]: [EssentialsProtect] Loading EssentialsProtect vTeamCity
[20:25:12] [Server thread/INFO]: [EssentialsSpawn] Loading EssentialsSpawn vTeamCity
[20:25:12] [Server thread/INFO]: [Vault] Enabling Vault v1.5.3-b37
[20:25:12] [Server thread/INFO]: [Vault] [Economy] Essentials Economy found: Waiting
[20:25:12] [Server thread/INFO]: [Vault] [Permission] PermissionsEx found: Waiting
[20:25:12] [Server thread/INFO]: [Vault] [Permission] SuperPermissions loaded as backup permission system.
[20:25:12] [Server thread/INFO]: [Vault] [Chat] PermissionsEx found: Waiting
[20:25:12] [Server thread/INFO]: [Vault] Enabled Version 1.5.3-b37
[20:25:12] [Server thread/INFO]: [ProtocolLib] Enabling ProtocolLib v3.6.3-SNAPSHOT-b131
[20:25:12] [Server thread/INFO]: [ProtocolLib] Started structure compiler thread.
[20:25:12] [Server thread/INFO]: **** Beginning UUID conversion, this may take A LONG time ****
[20:25:12] [Server thread/INFO]: Preparing level "world"
[20:25:12] [Server thread/INFO]: -------- World Settings For [world] --------
[20:25:12] [Server thread/INFO]: Allow Zombie Pigmen to spawn from portal blocks: true
[20:25:12] [Server thread/INFO]: Arrow Despawn Rate: 1200
[20:25:12] [Server thread/INFO]: Item Despawn Rate: 6000
[20:25:12] [Server thread/INFO]: Item Merge Radius: 2.5
[20:25:12] [Server thread/INFO]: Nerfing mobs spawned from spawners: false
[20:25:12] [Server thread/INFO]: Cactus Growth Modifier: 100%
[20:25:12] [Server thread/INFO]: Cane Growth Modifier: 100%
[20:25:12] [Server thread/INFO]: Melon Growth Modifier: 100%
[20:25:12] [Server thread/INFO]: Mushroom Growth Modifier: 100%
[20:25:12] [Server thread/INFO]: Pumpkin Growth Modifier: 100%
[20:25:12] [Server thread/INFO]: Sapling Growth Modifier: 100%
[20:25:12] [Server thread/INFO]: Wheat Growth Modifier: 100%
[20:25:12] [Server thread/INFO]: Entity Activation Range: An 32 / Mo 32 / Mi 16
[20:25:12] [Server thread/INFO]: Sending up to 10 chunks per packet
[20:25:12] [Server thread/INFO]: Max Entity Collisions: 8
[20:25:12] [Server thread/INFO]: Custom Map Seeds:  Village: 10387312 Feature: 14357617
[20:25:12] [Server thread/INFO]: Zombie Aggressive Towards Villager: true
[20:25:12] [Server thread/INFO]: Chunks to Grow per Tick: 650
[20:25:12] [Server thread/INFO]: Clear tick list: false
[20:25:12] [Server thread/INFO]: Experience Merge Radius: 3.0
[20:25:12] [Server thread/INFO]: Alternative Hopper Ticking: false
[20:25:12] [Server thread/INFO]: Hopper Transfer: 8 Hopper Check: 8 Hopper Amount: 1
[20:25:12] [Server thread/INFO]: Random Lighting Updates: false
[20:25:12] [Server thread/INFO]: Entity Tracking Range: Pl 48 / An 48 / Mo 48 / Mi 32 / Other 64
[20:25:12] [Server thread/INFO]: Mob Spawn Range: 4
[20:25:12] [Server thread/INFO]: Anti X-Ray: true
[20:25:12] [Server thread/INFO]: 	Engine Mode: 1
[20:25:12] [Server thread/INFO]: 	Hidden Blocks: [14, 15, 16, 21, 48, 49, 54, 56, 73, 74, 82, 129, 130]
[20:25:12] [Server thread/INFO]: 	Replace Blocks: [1, 5]
[20:25:12] [Server thread/INFO]: Structure Info Saving: true
[20:25:12] [Server thread/INFO]: Max TNT Explosions: 100
[20:25:12] [Server thread/INFO]: View Distance: 10
[20:25:12] [Server thread/WARN]: Unable to find spawn biome
[20:25:12] [Server thread/INFO]: -------- World Settings For [world_nether] --------
[20:25:12] [Server thread/INFO]: Allow Zombie Pigmen to spawn from portal blocks: true
[20:25:12] [Server thread/INFO]: Arrow Despawn Rate: 1200
[20:25:12] [Server thread/INFO]: Item Despawn Rate: 6000
[20:25:12] [Server thread/INFO]: Item Merge Radius: 2.5
[20:25:12] [Server thread/INFO]: Nerfing mobs spawned from spawners: false
[20:25:12] [Server thread/INFO]: Cactus Growth Modifier: 100%
[20:25:12] [Server thread/INFO]: Cane Growth Modifier: 100%
[20:25:12] [Server thread/INFO]: Melon Growth Modifier: 100%
[20:25:12] [Server thread/INFO]: Mushroom Growth Modifier: 100%
[20:25:12] [Server thread/INFO]: Pumpkin Growth Modifier: 100%
[20:25:12] [Server thread/INFO]: Sapling Growth Modifier: 100%
[20:25:12] [Server thread/INFO]: Wheat Growth Modifier: 100%
[20:25:12] [Server thread/INFO]: Entity Activation Range: An 32 / Mo 32 / Mi 16
[20:25:12] [Server thread/INFO]: Sending up to 10 chunks per packet
[20:25:12] [Server thread/INFO]: Max Entity Collisions: 8
[20:25:12] [Server thread/INFO]: Custom Map Seeds:  Village: 10387312 Feature: 14357617
[20:25:12] [Server thread/INFO]: Zombie Aggressive Towards Villager: true
[20:25:12] [Server thread/INFO]: Chunks to Grow per Tick: 650
[20:25:12] [Server thread/INFO]: Clear tick list: false
[20:25:12] [Server thread/INFO]: Experience Merge Radius: 3.0
[20:25:12] [Server thread/INFO]: Alternative Hopper Ticking: false
[20:25:12] [Server thread/INFO]: Hopper Transfer: 8 Hopper Check: 8 Hopper Amount: 1
[20:25:12] [Server thread/INFO]: Random Lighting Updates: false
[20:25:12] [Server thread/INFO]: Entity Tracking Range: Pl 48 / An 48 / Mo 48 / Mi 32 / Other 64
[20:25:12] [Server thread/INFO]: Mob Spawn Range: 4
[20:25:12] [Server thread/INFO]: Anti X-Ray: true
[20:25:12] [Server thread/INFO]: 	Engine Mode: 1
[20:25:12] [Server thread/INFO]: 	Hidden Blocks: [14, 15, 16, 21, 48, 49, 54, 56, 73, 74, 82, 129, 130]
[20:25:12] [Server thread/INFO]: 	Replace Blocks: [1, 5]
[20:25:12] [Server thread/INFO]: Structure Info Saving: true
[20:25:12] [Server thread/INFO]: Max TNT Explosions: 100
[20:25:12] [Server thread/INFO]: View Distance: 10
[20:25:12] [Server thread/INFO]: -------- World Settings For [world_the_end] --------
[20:25:12] [Server thread/INFO]: Allow Zombie Pigmen to spawn from portal blocks: true
[20:25:12] [Server thread/INFO]: Arrow Despawn Rate: 1200
[20:25:12] [Server thread/INFO]: Item Despawn Rate: 6000
[20:25:12] [Server thread/INFO]: Item Merge Radius: 2.5
[20:25:12] [Server thread/INFO]: Nerfing mobs spawned from spawners: false
[20:25:12] [Server thread/INFO]: Cactus Growth Modifier: 100%
[20:25:12] [Server thread/INFO]: Cane Growth Modifier: 100%
[20:25:12] [Server thread/INFO]: Melon Growth Modifier: 100%
[20:25:12] [Server thread/INFO]: Mushroom Growth Modifier: 100%
[20:25:12] [Server thread/INFO]: Pumpkin Growth Modifier: 100%
[20:25:12] [Server thread/INFO]: Sapling Growth Modifier: 100%
[20:25:12] [Server thread/INFO]: Wheat Growth Modifier: 100%
[20:25:12] [Server thread/INFO]: Entity Activation Range: An 32 / Mo 32 / Mi 16
[20:25:12] [Server thread/INFO]: Sending up to 10 chunks per packet
[20:25:12] [Server thread/INFO]: Max Entity Collisions: 8
[20:25:12] [Server thread/INFO]: Custom Map Seeds:  Village: 10387312 Feature: 14357617
[20:25:12] [Server thread/INFO]: Zombie Aggressive Towards Villager: true
[20:25:12] [Server thread/INFO]: Chunks to Grow per Tick: 650
[20:25:12] [Server thread/INFO]: Clear tick list: false
[20:25:12] [Server thread/INFO]: Experience Merge Radius: 3.0
[20:25:12] [Server thread/INFO]: Alternative Hopper Ticking: false
[20:25:12] [Server thread/INFO]: Hopper Transfer: 8 Hopper Check: 8 Hopper Amount: 1
[20:25:12] [Server thread/INFO]: Random Lighting Updates: false
[20:25:12] [Server thread/INFO]: Entity Tracking Range: Pl 48 / An 48 / Mo 48 / Mi 32 / Other 64
[20:25:12] [Server thread/INFO]: Mob Spawn Range: 4
[20:25:12] [Server thread/INFO]: Anti X-Ray: true
[20:25:12] [Server thread/INFO]: 	Engine Mode: 1
[20:25:12] [Server thread/INFO]: 	Hidden Blocks: [14, 15, 16, 21, 48, 49, 54, 56, 73, 74, 82, 129, 130]
[20:25:12] [Server thread/INFO]: 	Replace Blocks: [1, 5]
[20:25:12] [Server thread/INFO]: Structure Info Saving: true
[20:25:12] [Server thread/INFO]: Max TNT Explosions: 100
[20:25:12] [Server thread/INFO]: View Distance: 10
[20:25:12] [Server thread/INFO]: Preparing start region for level 0 (Seed: -7967580826996141399)
[20:25:13] [Server thread/INFO]: Preparing spawn area: 11%
[20:25:14] [Server thread/INFO]: Preparing spawn area: 38%
[20:25:15] [Server thread/INFO]: Preparing spawn area: 69%
[20:25:16] [Server thread/INFO]: Preparing spawn area: 96%
[20:25:16] [Server thread/INFO]: Preparing start region for level 1 (Seed: -7967580826996141399)
[20:25:17] [Server thread/INFO]: Preparing start region for level 2 (Seed: -7967580826996141399)
[20:25:17] [Server thread/INFO]: [PermissionsEx] Enabling PermissionsEx v1.23.2
[20:25:17] [Server thread/INFO]: [PermissionsEx] Initializing file backend
[20:25:17] [Server thread/INFO]: [PermissionsEx] Permissions file successfully reloaded
[20:25:17] [Server thread/INFO]: [Vault][Permission] PermissionsEx hooked.
[20:25:17] [Server thread/INFO]: [Vault][Chat] PermissionsEx_Chat hooked.
[20:25:17] [Server thread/INFO]: [MCJailed] Enabling MCJailed v1.0
[20:25:17] [Server thread/INFO]: [MCJailed] [Module Loader] Loaded module 'Clear Chat'!
[20:25:17] [Server thread/INFO]: [MCJailed] [Module Loader] Loaded module 'Rankup'!
[20:25:17] [Server thread/INFO]: [MCJailed] [Module Loader] Loaded module 'Scoreboard Manager'!
[20:25:17] [Server thread/INFO]: [MCJailed] [Module Loader] Loaded module 'Item Data'!
[20:25:17] [Server thread/ERROR]: ebean.properties not found
[20:25:17] [Server thread/WARN]: No Entities found in ClassPath using ClassPathReader [com.avaje.ebeaninternal.server.util.DefaultClassPathReader@424be5da] Classpath Searched[[file:/D:/Development/Java/Minecraft/MCJailed/server/spigot.jar]]
[20:25:17] [Server thread/INFO]: Classpath search hits in jars[] pkgs[]  searchTime[1]
[20:25:17] [Server thread/INFO]: DataSourcePool [MCJailed] autoCommit[false] transIsolation[SERIALIZABLE] min[2] max[20]
[20:25:17] [Server thread/INFO]: SubClassFactory parent ClassLoader [java.net.URLClassLoader]
[20:25:17] [Server thread/INFO]: Entities enhanced[0] subclassed[0]
[20:25:17] [Server thread/INFO]: [Essentials] Enabling Essentials vTeamCity
[20:25:17] [Server thread/INFO]: Bukkit version format changed. Version not checked.
[20:25:17] [Server thread/INFO]: git-Spigot-5ead057-1a84bac (MC: 1.8)
[20:25:17] [Server thread/INFO]: 1.8-R0.1-SNAPSHOT
[20:25:17] [Server thread/INFO]: Using locale en_NZ
[20:25:17] [Server thread/INFO]: Using locale en_NZ
[20:25:17] [Server thread/INFO]: [Vault][Economy] Essentials Economy hooked.
[20:25:17] [Server thread/INFO]: Essentials: Using PermissionsEx based permissions.
[20:25:17] [Server thread/INFO]: [EssentialsChat] Enabling EssentialsChat vTeamCity
[20:25:17] [Server thread/INFO]: [EssentialsProtect] Enabling EssentialsProtect vTeamCity
[20:25:17] [Server thread/INFO]: [EssentialsSpawn] Enabling EssentialsSpawn vTeamCity
[20:25:17] [Server thread/INFO]: Server permissions file permissions.yml is empty, ignoring it
[20:25:18] [Server thread/INFO]: Done (5.703s)! For help, type "help" or "?"
[20:25:18] [Server thread/INFO]: [MCJailed] Module: [Clear Chat] has been enabled
[20:25:18] [Server thread/INFO]: [MCJailed] Module: [Item Data] has been enabled
[20:25:18] [Server thread/INFO]: [MCJailed] Module: [Rankup] has been enabled
[20:25:18] [Server thread/INFO]: [MCJailed] Module: [Scoreboard Manager] has been enabled
[20:25:18] [Craft Scheduler Thread - 7/INFO]: [Vault] Checking for Updates ... 
[20:25:19] [Craft Scheduler Thread - 7/INFO]: [Vault] No new version available
[20:25:24] [User Authenticator #1/INFO]: UUID of player OhYea777 is 18153d2e-f92f-4eff-9eba-069fec131b44
[20:25:24] [Server thread/INFO]: OhYea777[/130.217.182.165:56459] logged in with entity id 1111 at ([world] 105.52940557813199, 77.0, 280.03804131825063)
[20:25:31] [Server thread/INFO]: OhYea777 issued server command: /v
[20:25:31] [Async Chat Thread - #0/INFO]: [m[0;30;22m[[0;33;22mDev[0;30;22m] [0;37;1mOhYea777[m:[0;33;1m .[m
[20:26:42] [Server thread/INFO]: OhYea777 issued server command: /rankup
[20:26:49] [Server thread/INFO]: OhYea777 issued server command: /rup
[20:26:51] [Server thread/INFO]: OhYea777 issued server command: /ranks
[20:35:12] [Server thread/INFO]: OhYea777 issued server command: /modules reload
[20:35:17] [Server thread/INFO]: OhYea777 issued server command: /op OhYea777
[20:35:17] [Server thread/INFO]: [OhYea777: Opped OhYea777]
[20:35:20] [Server thread/INFO]: OhYea777 issued server command: /modules
[20:35:22] [Server thread/INFO]: OhYea777 issued server command: /modules reload
[20:35:29] [Server thread/INFO]: OhYea777 issued server command: /modules reload Rankup
[20:35:29] [Server thread/INFO]: [MCJailed] Module: [Rankup] has been reloaded
[20:35:56] [Server thread/INFO]: OhYea777 issued server command: /pex user OhYea777 group set BlockD
[20:36:37] [Server thread/INFO]: OhYea777 issued server command: /rankup
[20:37:07] [Server thread/INFO]: OhYea777 issued server command: /rankup
[20:38:25] [Server thread/INFO]: OhYea777 issued server command: /ranks
[20:38:32] [Server thread/INFO]: OhYea777 issued server command: /eco give OhYea777 100
[20:38:43] [Server thread/INFO]: OhYea777 issued server command: /eco give OhYea777 14900
[20:38:47] [Async Chat Thread - #1/INFO]: [m[0;37;22m[[0;30;1mBlockD[0;37;22m] [0;37;22mOhYea777[m:[0;37;22m .[m
[20:38:59] [Server thread/INFO]: OhYea777 issued server command: /bal
[20:39:08] [Server thread/INFO]: OhYea777 issued server command: /eco set OhYea777 50000
[20:39:13] [Server thread/INFO]: OhYea777 issued server command: /eco set OhYea777 20000
[20:39:17] [Server thread/INFO]: OhYea777 issued server command: /ranks
[20:39:17] [Server thread/INFO]: [0;30;1m[[0;33;22mMCJailed[0;30;1m] [0;36;22mOhYea777[0;36;1m has just ranked up to [0;36;22mBlockC[0;36;1m![m
[20:39:28] [Server thread/INFO]: OhYea777 issued server command: /ranks
[20:39:34] [Server thread/INFO]: OhYea777 issued server command: /eco set OhYea777 1000000
[20:39:41] [Server thread/INFO]: OhYea777 issued server command: /ranks
[20:39:41] [Server thread/INFO]: [0;30;1m[[0;33;22mMCJailed[0;30;1m] [0;36;22mOhYea777[0;36;1m has just ranked up to [0;36;22mBlockB[0;36;1m![m
[20:39:49] [Server thread/INFO]: OhYea777 issued server command: /ranks
[20:39:49] [Server thread/INFO]: [0;30;1m[[0;33;22mMCJailed[0;30;1m] [0;36;22mOhYea777[0;36;1m has just ranked up to [0;36;22mBlockA[0;36;1m![m
[20:39:56] [Server thread/INFO]: OhYea777 issued server command: /ranks
[20:39:56] [Server thread/INFO]: [0;30;1m[[0;33;22mMCJailed[0;30;1m] [0;36;22mOhYea777[0;36;1m has just ranked up to [0;36;22mProbation[0;36;1m![m
[20:40:12] [Server thread/INFO]: OhYea777 issued server command: /ranks
[20:40:22] [Server thread/INFO]: OhYea777 issued server command: /pex
[20:40:28] [Server thread/INFO]: OhYea777 issued server command: /pex group Probation
[20:40:40] [Server thread/INFO]: OhYea777 issued server command: /ranks
[20:40:44] [Server thread/INFO]: OhYea777 issued server command: /rankup
[20:40:44] [Server thread/WARN]: java.lang.reflect.InvocationTargetException
[20:40:44] [Server thread/WARN]: 	at sun.reflect.NativeMethodAccessorImpl.invoke0(Native Method)
[20:40:44] [Server thread/WARN]: 	at sun.reflect.NativeMethodAccessorImpl.invoke(Unknown Source)
[20:40:44] [Server thread/WARN]: 	at sun.reflect.DelegatingMethodAccessorImpl.invoke(Unknown Source)
[20:40:44] [Server thread/WARN]: 	at java.lang.reflect.Method.invoke(Unknown Source)
[20:40:44] [Server thread/WARN]: 	at com.mcjailed.module.CommandRegistry$CommandHandler.onCommand(CommandRegistry.java:98)
[20:40:44] [Server thread/WARN]: 	at com.mcjailed.module.CommandRegistry.onCommand(CommandRegistry.java:70)
[20:40:44] [Server thread/WARN]: 	at com.mcjailed.module.CommandRegistry$CCommand.execute(CommandRegistry.java:117)
[20:40:44] [Server thread/WARN]: 	at org.bukkit.command.SimpleCommandMap.dispatch(SimpleCommandMap.java:141)
[20:40:44] [Server thread/WARN]: 	at org.bukkit.craftbukkit.v1_8_R1.CraftServer.dispatchCommand(CraftServer.java:645)
[20:40:44] [Server thread/WARN]: 	at net.minecraft.server.v1_8_R1.PlayerConnection.handleCommand(PlayerConnection.java:1115)
[20:40:44] [Server thread/WARN]: 	at net.minecraft.server.v1_8_R1.PlayerConnection.a(PlayerConnection.java:950)
[20:40:44] [Server thread/WARN]: 	at net.minecraft.server.v1_8_R1.PacketPlayInChat.a(PacketPlayInChat.java:26)
[20:40:44] [Server thread/WARN]: 	at net.minecraft.server.v1_8_R1.PacketPlayInChat.a(PacketPlayInChat.java:53)
[20:40:44] [Server thread/WARN]: 	at net.minecraft.server.v1_8_R1.PacketHandleTask.run(SourceFile:13)
[20:40:44] [Server thread/WARN]: 	at java.util.concurrent.Executors$RunnableAdapter.call(Unknown Source)
[20:40:44] [Server thread/WARN]: 	at java.util.concurrent.FutureTask.run(Unknown Source)
[20:40:44] [Server thread/WARN]: 	at net.minecraft.server.v1_8_R1.MinecraftServer.z(MinecraftServer.java:683)
[20:40:44] [Server thread/WARN]: 	at net.minecraft.server.v1_8_R1.DedicatedServer.z(DedicatedServer.java:316)
[20:40:44] [Server thread/WARN]: 	at net.minecraft.server.v1_8_R1.MinecraftServer.y(MinecraftServer.java:623)
[20:40:44] [Server thread/WARN]: 	at net.minecraft.server.v1_8_R1.MinecraftServer.run(MinecraftServer.java:526)
[20:40:44] [Server thread/WARN]: 	at java.lang.Thread.run(Unknown Source)
[20:40:44] [Server thread/WARN]: Caused by: java.lang.NullPointerException
[20:40:44] [Server thread/WARN]: 	at com.mcjailed.rankup.RankupMenu.createFromPlayer(RankupMenu.java:38)
[20:40:44] [Server thread/WARN]: 	at com.mcjailed.rankup.Rankup.onRankup(Rankup.java:60)
[20:40:44] [Server thread/WARN]: 	... 21 more
[20:42:19] [Server thread/INFO]: OhYea777 issued server command: /modules reload Rankup
[20:42:19] [Server thread/INFO]: [MCJailed] Module: [Rankup] has been reloaded
[20:42:34] [Server thread/INFO]: OhYea777 issued server command: /modules reload Rankup
[20:42:34] [Server thread/INFO]: [MCJailed] Module: [Rankup] has been reloaded
[20:42:48] [Server thread/INFO]: OhYea777 issued server command: /modules reload Rankup
[20:42:48] [Server thread/INFO]: [MCJailed] Module: [Rankup] has been reloaded
[20:42:55] [Server thread/INFO]: OhYea777 issued server command: /pex user OhYea777
[20:43:00] [Async Chat Thread - #2/INFO]: [m<[0;30;1m[[0;35;1mBlockA[0;30;1m] [0;37;22mOhYea777[m> .[m
[20:43:22] [Server thread/INFO]: OhYea777 issued server command: /pex user OhYea777 group set BlockA
[20:43:26] [Async Chat Thread - #2/INFO]: [m[0;30;1m[[0;35;1mBlockA[0;30;1m] [0;37;22mOhYea777[m:[0;37;22m .[m
[20:43:29] [Server thread/INFO]: OhYea777 issued server command: /ranks
[20:43:29] [Server thread/INFO]: [0;30;1m[[0;33;22mMCJailed[0;30;1m] [0;36;22mOhYea777[0;36;1m has just ranked up to [0;36;22mProbation[0;36;1m![m
[20:43:31] [Async Chat Thread - #2/INFO]: [m<[0;30;1m[[0;35;1mBlockA[0;30;1m] [0;37;22mOhYea777[m> .[m
[20:44:14] [Server thread/INFO]: OhYea777 issued server command: /pex user OhYea777 group set Probation
[20:44:19] [Server thread/INFO]: OhYea777 issued server command: /rankup
[20:44:23] [Server thread/INFO]: OhYea777 issued server command: /ranks
[20:44:26] [Server thread/INFO]: OhYea777 issued server command: /rankup
[20:44:29] [Server thread/INFO]: OhYea777 issued server command: /rankup
[20:44:44] [Server thread/INFO]: OhYea777 issued server command: /modules reload Rankup
[20:44:44] [Server thread/INFO]: [MCJailed] Module: [Rankup] has been reloaded
[20:44:46] [Server thread/INFO]: OhYea777 issued server command: /rankup
[20:45:12] [Server thread/INFO]: OhYea777 issued server command: /modules reload Rankup
[20:45:12] [Server thread/INFO]: [MCJailed] Module: [Rankup] has been reloaded
[20:45:13] [Server thread/INFO]: OhYea777 issued server command: /rankup
[20:45:24] [Server thread/INFO]: OhYea777 issued server command: /modules reload Rankup
[20:45:24] [Server thread/INFO]: [MCJailed] Module: [Rankup] has been reloaded
[20:45:38] [Server thread/INFO]: OhYea777 issued server command: /eco give OhYea777 240000
[20:45:43] [Server thread/INFO]: OhYea777 issued server command: /rankup
[20:45:47] [Server thread/INFO]: OhYea777 issued server command: /ranks
[20:45:47] [Server thread/INFO]: [0;30;1m[[0;33;22mMCJailed[0;30;1m] [0;36;22mOhYea777[0;36;1m has just ranked up to [0;36;22mFree[0;36;1m![m
[20:45:49] [Async Chat Thread - #3/INFO]: [m[0;30;1m[[0;33;1mFree[0;30;1m] [0;37;22mOhYea777[m:[0;37;22m .[m
[20:46:21] [Server thread/INFO]: OhYea777 issued server command: /pex user OhYea777 group set Inactive
[20:46:27] [Server thread/INFO]: OhYea777 issued server command: /pex user OhYea777 group set BlockA
[20:46:38] [Server thread/INFO]: OhYea777 issued server command: /eco give OhYea777 250000
[20:46:43] [Server thread/INFO]: OhYea777 issued server command: /bal
[20:46:45] [Server thread/INFO]: OhYea777 lost connection: Disconnected
[20:46:49] [User Authenticator #2/INFO]: UUID of player OhYea777 is 18153d2e-f92f-4eff-9eba-069fec131b44
[20:46:49] [Server thread/INFO]: OhYea777[/130.217.182.165:56562] logged in with entity id 3036 at ([world] -147.12880290154797, 102.0, 142.80367037642722)
[20:46:53] [Server thread/INFO]: OhYea777 issued server command: /v
[20:46:58] [Server thread/INFO]: OhYea777 issued server command: /eco set OhYea777 250000
[20:47:03] [Server thread/INFO]: OhYea777 issued server command: /eco set OhYea777 25000
[20:47:05] [Server thread/INFO]: OhYea777 issued server command: /eco set OhYea777 250000
[20:47:08] [Server thread/INFO]: OhYea777 issued server command: /eco set OhYea777 25000
[20:47:11] [Server thread/INFO]: OhYea777 issued server command: /eco set OhYea777 250000
[20:47:13] [Server thread/INFO]: OhYea777 issued server command: /eco set OhYea777 25000
[20:47:27] [Server thread/INFO]: OhYea777 issued server command: /eco add OhYea777 74999
[20:47:35] [Server thread/INFO]: OhYea777 issued server command: /eco give OhYea777 74999
[20:47:40] [Server thread/INFO]: OhYea777 issued server command: /eco give OhYea777 1
[20:47:46] [Server thread/INFO]: OhYea777 issued server command: /eco give OhYea777 100000
[20:47:50] [Server thread/INFO]: OhYea777 issued server command: /eco give OhYea777 50000
[20:48:05] [Server thread/INFO]: OhYea777 issued server command: /eco take OhYea777 1
[20:48:12] [Server thread/INFO]: OhYea777 issued server command: /eco give OhYea777 1
[20:48:17] [Server thread/INFO]: OhYea777 issued server command: /eco give OhYea777 1
[20:48:32] [Server thread/INFO]: OhYea777 issued server command: /rankup
[20:48:38] [Server thread/INFO]: OhYea777 issued server command: /ranks
[20:48:38] [Server thread/INFO]: [0;30;1m[[0;33;22mMCJailed[0;30;1m] [0;36;22mOhYea777[0;36;1m has just ranked up to [0;36;22mProbation[0;36;1m![m
[20:48:40] [Async Chat Thread - #4/INFO]: [m[0;30;1m[[0;32;22mProbation[0;30;1m] [0;37;22mOhYea777[m:[0;37;22m .[m
[20:48:51] [Server thread/INFO]: OhYea777 lost connection: Disconnected
